\BOOKMARK [0][-]{chapter.1}{\376\377\0001\000\040\004\041\004\077\004\070\004\101\004\076\004\072\000\040\004\104\004\060\004\071\004\073\004\076\004\062}{}% 1
\BOOKMARK [1][-]{section.1.1}{\376\377\0001\000.\0001\000\040\004\044\004\060\004\071\004\073\004\113}{chapter.1}% 2
\BOOKMARK [0][-]{chapter.2}{\376\377\0002\000\040\004\044\004\060\004\071\004\073\004\113}{}% 3
\BOOKMARK [1][-]{section.2.1}{\376\377\0002\000.\0001\000\040\004\044\004\060\004\071\004\073\000\040\000s\000e\000r\000v\000e\000r\000.\000c\000p\000p}{chapter.2}% 4
\BOOKMARK [2][-]{subsection.2.1.1}{\376\377\0002\000.\0001\000.\0001\000\040\004\037\004\076\004\064\004\100\004\076\004\061\004\075\004\076\004\065\000\040\004\076\004\077\004\070\004\101\004\060\004\075\004\070\004\065}{section.2.1}% 5
\BOOKMARK [2][-]{subsection.2.1.2}{\376\377\0002\000.\0001\000.\0002\000\040\004\044\004\103\004\075\004\072\004\106\004\070\004\070}{section.2.1}% 6
\BOOKMARK [3][-]{subsubsection.2.1.2.1}{\376\377\0002\000.\0001\000.\0002\000.\0001\000\040\000c\000h\000e\000c\000k\000A\000u\000t\000h\000\050\000\051}{subsection.2.1.2}% 7
\BOOKMARK [3][-]{subsubsection.2.1.2.2}{\376\377\0002\000.\0001\000.\0002\000.\0002\000\040\000h\000a\000n\000d\000l\000e\000C\000l\000i\000e\000n\000t\000\050\000\051}{subsection.2.1.2}% 8
\BOOKMARK [3][-]{subsubsection.2.1.2.3}{\376\377\0002\000.\0001\000.\0002\000.\0003\000\040\000l\000o\000a\000d\000U\000s\000e\000r\000s\000\050\000\051}{subsection.2.1.2}% 9
\BOOKMARK [3][-]{subsubsection.2.1.2.4}{\376\377\0002\000.\0001\000.\0002\000.\0004\000\040\000l\000o\000g\000M\000s\000g\000\050\000\051}{subsection.2.1.2}% 10
\BOOKMARK [3][-]{subsubsection.2.1.2.5}{\376\377\0002\000.\0001\000.\0002\000.\0005\000\040\000m\000a\000i\000n\000\050\000\051}{subsection.2.1.2}% 11
\BOOKMARK [3][-]{subsubsection.2.1.2.6}{\376\377\0002\000.\0001\000.\0002\000.\0006\000\040\000r\000e\000a\000d\000A\000l\000l\000\050\000\051}{subsection.2.1.2}% 12
\BOOKMARK [3][-]{subsubsection.2.1.2.7}{\376\377\0002\000.\0001\000.\0002\000.\0007\000\040\000r\000e\000a\000d\000L\000i\000t\000t\000l\000e\000E\000n\000d\000i\000a\000n\0003\0002\000\050\000\051}{subsection.2.1.2}% 13
\BOOKMARK [3][-]{subsubsection.2.1.2.8}{\376\377\0002\000.\0001\000.\0002\000.\0008\000\040\000w\000r\000i\000t\000e\000A\000l\000l\000\050\000\051}{subsection.2.1.2}% 14
\BOOKMARK [3][-]{subsubsection.2.1.2.9}{\376\377\0002\000.\0001\000.\0002\000.\0009\000\040\000w\000r\000i\000t\000e\000L\000i\000t\000t\000l\000e\000E\000n\000d\000i\000a\000n\0003\0002\000\050\000\051}{subsection.2.1.2}% 15
\BOOKMARK [1][-]{section.2.2}{\376\377\0002\000.\0002\000\040\000s\000e\000r\000v\000e\000r\000.\000c\000p\000p}{chapter.2}% 16
\BOOKMARK [1][-]{section.2.3}{\376\377\0002\000.\0003\000\040\004\044\004\060\004\071\004\073\000\040\000s\000h\000a\0002\0005\0006\000.\000c\000p\000p}{chapter.2}% 17
\BOOKMARK [2][-]{subsection.2.3.1}{\376\377\0002\000.\0003\000.\0001\000\040\004\037\004\076\004\064\004\100\004\076\004\061\004\075\004\076\004\065\000\040\004\076\004\077\004\070\004\101\004\060\004\075\004\070\004\065}{section.2.3}% 18
\BOOKMARK [2][-]{subsection.2.3.2}{\376\377\0002\000.\0003\000.\0002\000\040\004\044\004\103\004\075\004\072\004\106\004\070\004\070}{section.2.3}% 19
\BOOKMARK [3][-]{subsubsection.2.3.2.1}{\376\377\0002\000.\0003\000.\0002\000.\0001\000\040\000b\000s\000i\000g\0000\000\050\000\051}{subsection.2.3.2}% 20
\BOOKMARK [3][-]{subsubsection.2.3.2.2}{\376\377\0002\000.\0003\000.\0002\000.\0002\000\040\000b\000s\000i\000g\0001\000\050\000\051}{subsection.2.3.2}% 21
\BOOKMARK [3][-]{subsubsection.2.3.2.3}{\376\377\0002\000.\0003\000.\0002\000.\0003\000\040\000c\000h\000\050\000\051}{subsection.2.3.2}% 22
\BOOKMARK [3][-]{subsubsection.2.3.2.4}{\376\377\0002\000.\0003\000.\0002\000.\0004\000\040\000m\000a\000j\000\050\000\051}{subsection.2.3.2}% 23
\BOOKMARK [3][-]{subsubsection.2.3.2.5}{\376\377\0002\000.\0003\000.\0002\000.\0005\000\040\000R\000O\000T\000R\000\050\000\051}{subsection.2.3.2}% 24
\BOOKMARK [3][-]{subsubsection.2.3.2.6}{\376\377\0002\000.\0003\000.\0002\000.\0006\000\040\000s\000h\000a\0002\0005\0006\000\050\000\051}{subsection.2.3.2}% 25
\BOOKMARK [3][-]{subsubsection.2.3.2.7}{\376\377\0002\000.\0003\000.\0002\000.\0007\000\040\000S\000H\000R\000\050\000\051}{subsection.2.3.2}% 26
\BOOKMARK [3][-]{subsubsection.2.3.2.8}{\376\377\0002\000.\0003\000.\0002\000.\0008\000\040\000s\000s\000i\000g\0000\000\050\000\051}{subsection.2.3.2}% 27
\BOOKMARK [3][-]{subsubsection.2.3.2.9}{\376\377\0002\000.\0003\000.\0002\000.\0009\000\040\000s\000s\000i\000g\0001\000\050\000\051}{subsection.2.3.2}% 28
\BOOKMARK [2][-]{subsection.2.3.3}{\376\377\0002\000.\0003\000.\0003\000\040\004\037\004\065\004\100\004\065\004\074\004\065\004\075\004\075\004\113\004\065}{section.2.3}% 29
\BOOKMARK [3][-]{subsubsection.2.3.3.1}{\376\377\0002\000.\0003\000.\0003\000.\0001\000\040\000k}{subsection.2.3.3}% 30
\BOOKMARK [1][-]{section.2.4}{\376\377\0002\000.\0004\000\040\000s\000h\000a\0002\0005\0006\000.\000c\000p\000p}{chapter.2}% 31
\BOOKMARK [1][-]{section.2.5}{\376\377\0002\000.\0005\000\040\004\044\004\060\004\071\004\073\000\040\000s\000h\000a\0002\0005\0006\000.\000h\000p\000p}{chapter.2}% 32
\BOOKMARK [2][-]{subsection.2.5.1}{\376\377\0002\000.\0005\000.\0001\000\040\004\037\004\076\004\064\004\100\004\076\004\061\004\075\004\076\004\065\000\040\004\076\004\077\004\070\004\101\004\060\004\075\004\070\004\065}{section.2.5}% 33
\BOOKMARK [2][-]{subsection.2.5.2}{\376\377\0002\000.\0005\000.\0002\000\040\004\044\004\103\004\075\004\072\004\106\004\070\004\070}{section.2.5}% 34
\BOOKMARK [3][-]{subsubsection.2.5.2.1}{\376\377\0002\000.\0005\000.\0002\000.\0001\000\040\000s\000h\000a\0002\0005\0006\000\050\000\051}{subsection.2.5.2}% 35
\BOOKMARK [1][-]{section.2.6}{\376\377\0002\000.\0006\000\040\000s\000h\000a\0002\0005\0006\000.\000h\000p\000p}{chapter.2}% 36
\BOOKMARK [1][-]{section.2.7}{\376\377\0002\000.\0007\000\040\004\044\004\060\004\071\004\073\000\040\000t\000e\000s\000t\000s\000/\000t\000e\000s\000t\000\137\000a\000u\000t\000h\000.\000c\000p\000p}{chapter.2}% 37
\BOOKMARK [2][-]{subsection.2.7.1}{\376\377\0002\000.\0007\000.\0001\000\040\004\037\004\076\004\064\004\100\004\076\004\061\004\075\004\076\004\065\000\040\004\076\004\077\004\070\004\101\004\060\004\075\004\070\004\065}{section.2.7}% 38
\BOOKMARK [2][-]{subsection.2.7.2}{\376\377\0002\000.\0007\000.\0002\000\040\004\044\004\103\004\075\004\072\004\106\004\070\004\070}{section.2.7}% 39
\BOOKMARK [3][-]{subsubsection.2.7.2.1}{\376\377\0002\000.\0007\000.\0002\000.\0001\000\040\000c\000h\000e\000c\000k\000A\000u\000t\000h\000\050\000\051}{subsection.2.7.2}% 40
\BOOKMARK [3][-]{subsubsection.2.7.2.2}{\376\377\0002\000.\0007\000.\0002\000.\0002\000\040\000m\000a\000i\000n\000\050\000\051}{subsection.2.7.2}% 41
\BOOKMARK [3][-]{subsubsection.2.7.2.3}{\376\377\0002\000.\0007\000.\0002\000.\0003\000\040\000S\000U\000I\000T\000E\000\050\000\051}{subsection.2.7.2}% 42
\BOOKMARK [1][-]{section.2.8}{\376\377\0002\000.\0008\000\040\000t\000e\000s\000t\000\137\000a\000u\000t\000h\000.\000c\000p\000p}{chapter.2}% 43
\BOOKMARK [1][-]{section.2.9}{\376\377\0002\000.\0009\000\040\004\044\004\060\004\071\004\073\000\040\000t\000e\000s\000t\000s\000/\000t\000e\000s\000t\000\137\000c\000l\000i\000.\000c\000p\000p}{chapter.2}% 44
\BOOKMARK [2][-]{subsection.2.9.1}{\376\377\0002\000.\0009\000.\0001\000\040\004\037\004\076\004\064\004\100\004\076\004\061\004\075\004\076\004\065\000\040\004\076\004\077\004\070\004\101\004\060\004\075\004\070\004\065}{section.2.9}% 45
\BOOKMARK [2][-]{subsection.2.9.2}{\376\377\0002\000.\0009\000.\0002\000\040\004\044\004\103\004\075\004\072\004\106\004\070\004\070}{section.2.9}% 46
\BOOKMARK [3][-]{subsubsection.2.9.2.1}{\376\377\0002\000.\0009\000.\0002\000.\0001\000\040\000c\000l\000e\000a\000n\000u\000p\000\137\000a\000r\000g\000v\000\050\000\051}{subsection.2.9.2}% 47
\BOOKMARK [3][-]{subsubsection.2.9.2.2}{\376\377\0002\000.\0009\000.\0002\000.\0002\000\040\000c\000r\000e\000a\000t\000e\000\137\000a\000r\000g\000v\000\050\000\051}{subsection.2.9.2}% 48
\BOOKMARK [3][-]{subsubsection.2.9.2.3}{\376\377\0002\000.\0009\000.\0002\000.\0003\000\040\000c\000r\000e\000a\000t\000e\000\137\000t\000e\000s\000t\000\137\000f\000i\000l\000e\000\050\000\051}{subsection.2.9.2}% 49
\BOOKMARK [3][-]{subsubsection.2.9.2.4}{\376\377\0002\000.\0009\000.\0002\000.\0004\000\040\000m\000a\000i\000n\000\050\000\051}{subsection.2.9.2}% 50
\BOOKMARK [3][-]{subsubsection.2.9.2.5}{\376\377\0002\000.\0009\000.\0002\000.\0005\000\040\000m\000a\000i\000n\000\137\000s\000e\000r\000v\000e\000r\000\050\000\051}{subsection.2.9.2}% 51
\BOOKMARK [3][-]{subsubsection.2.9.2.6}{\376\377\0002\000.\0009\000.\0002\000.\0006\000\040\000S\000U\000I\000T\000E\000\050\000\051}{subsection.2.9.2}% 52
\BOOKMARK [1][-]{section.2.10}{\376\377\0002\000.\0001\0000\000\040\000t\000e\000s\000t\000\137\000c\000l\000i\000.\000c\000p\000p}{chapter.2}% 53
\BOOKMARK [1][-]{section.2.11}{\376\377\0002\000.\0001\0001\000\040\004\044\004\060\004\071\004\073\000\040\000t\000e\000s\000t\000s\000/\000t\000e\000s\000t\000\137\000f\000u\000n\000c\000.\000c\000p\000p}{chapter.2}% 54
\BOOKMARK [2][-]{subsection.2.11.1}{\376\377\0002\000.\0001\0001\000.\0001\000\040\004\037\004\076\004\064\004\100\004\076\004\061\004\075\004\076\004\065\000\040\004\076\004\077\004\070\004\101\004\060\004\075\004\070\004\065}{section.2.11}% 55
\BOOKMARK [2][-]{subsection.2.11.2}{\376\377\0002\000.\0001\0001\000.\0002\000\040\004\044\004\103\004\075\004\072\004\106\004\070\004\070}{section.2.11}% 56
\BOOKMARK [3][-]{subsubsection.2.11.2.1}{\376\377\0002\000.\0001\0001\000.\0002\000.\0001\000\040\000c\000h\000e\000c\000k\000\137\000s\000e\000r\000v\000e\000r\000\137\000r\000u\000n\000n\000i\000n\000g\000\050\000\051}{subsection.2.11.2}% 57
\BOOKMARK [3][-]{subsubsection.2.11.2.2}{\376\377\0002\000.\0001\0001\000.\0002\000.\0002\000\040\000c\000r\000e\000a\000t\000e\000\137\000t\000e\000s\000t\000\137\000u\000s\000e\000r\000s\000\050\000\051}{subsection.2.11.2}% 58
\BOOKMARK [3][-]{subsubsection.2.11.2.3}{\376\377\0002\000.\0001\0001\000.\0002\000.\0003\000\040\000m\000a\000i\000n\000\050\000\051}{subsection.2.11.2}% 59
\BOOKMARK [3][-]{subsubsection.2.11.2.4}{\376\377\0002\000.\0001\0001\000.\0002\000.\0004\000\040\000r\000u\000n\000\137\000c\000o\000m\000m\000a\000n\000d\000\050\000\051}{subsection.2.11.2}% 60
\BOOKMARK [3][-]{subsubsection.2.11.2.5}{\376\377\0002\000.\0001\0001\000.\0002\000.\0005\000\040\000s\000t\000o\000p\000\137\000s\000e\000r\000v\000e\000r\000\050\000\051}{subsection.2.11.2}% 61
\BOOKMARK [3][-]{subsubsection.2.11.2.6}{\376\377\0002\000.\0001\0001\000.\0002\000.\0006\000\040\000S\000U\000I\000T\000E\000\050\000\051}{subsection.2.11.2}% 62
\BOOKMARK [1][-]{section.2.12}{\376\377\0002\000.\0001\0002\000\040\000t\000e\000s\000t\000\137\000f\000u\000n\000c\000.\000c\000p\000p}{chapter.2}% 63
\BOOKMARK [1][-]{section.2.13}{\376\377\0002\000.\0001\0003\000\040\004\044\004\060\004\071\004\073\000\040\000t\000e\000s\000t\000s\000/\000t\000e\000s\000t\000\137\000p\000r\000o\000t\000o\000c\000o\000l\000.\000c\000p\000p}{chapter.2}% 64
\BOOKMARK [2][-]{subsection.2.13.1}{\376\377\0002\000.\0001\0003\000.\0001\000\040\004\037\004\076\004\064\004\100\004\076\004\061\004\075\004\076\004\065\000\040\004\076\004\077\004\070\004\101\004\060\004\075\004\070\004\065}{section.2.13}% 65
\BOOKMARK [2][-]{subsection.2.13.2}{\376\377\0002\000.\0001\0003\000.\0002\000\040\004\044\004\103\004\075\004\072\004\106\004\070\004\070}{section.2.13}% 66
\BOOKMARK [3][-]{subsubsection.2.13.2.1}{\376\377\0002\000.\0001\0003\000.\0002\000.\0001\000\040\000m\000a\000i\000n\000\050\000\051}{subsection.2.13.2}% 67
\BOOKMARK [3][-]{subsubsection.2.13.2.2}{\376\377\0002\000.\0001\0003\000.\0002\000.\0002\000\040\000S\000U\000I\000T\000E\000\050\000\051}{subsection.2.13.2}% 68
\BOOKMARK [1][-]{section.2.14}{\376\377\0002\000.\0001\0004\000\040\000t\000e\000s\000t\000\137\000p\000r\000o\000t\000o\000c\000o\000l\000.\000c\000p\000p}{chapter.2}% 69
\BOOKMARK [1][-]{section.2.15}{\376\377\0002\000.\0001\0005\000\040\004\044\004\060\004\071\004\073\000\040\000t\000e\000s\000t\000s\000/\000t\000e\000s\000t\000\137\000s\000h\000a\0002\0005\0006\000.\000c\000p\000p}{chapter.2}% 70
\BOOKMARK [2][-]{subsection.2.15.1}{\376\377\0002\000.\0001\0005\000.\0001\000\040\004\037\004\076\004\064\004\100\004\076\004\061\004\075\004\076\004\065\000\040\004\076\004\077\004\070\004\101\004\060\004\075\004\070\004\065}{section.2.15}% 71
\BOOKMARK [2][-]{subsection.2.15.2}{\376\377\0002\000.\0001\0005\000.\0002\000\040\004\044\004\103\004\075\004\072\004\106\004\070\004\070}{section.2.15}% 72
\BOOKMARK [3][-]{subsubsection.2.15.2.1}{\376\377\0002\000.\0001\0005\000.\0002\000.\0001\000\040\000m\000a\000i\000n\000\050\000\051}{subsection.2.15.2}% 73
\BOOKMARK [3][-]{subsubsection.2.15.2.2}{\376\377\0002\000.\0001\0005\000.\0002\000.\0002\000\040\000S\000U\000I\000T\000E\000\050\000\051}{subsection.2.15.2}% 74
\BOOKMARK [1][-]{section.2.16}{\376\377\0002\000.\0001\0006\000\040\000t\000e\000s\000t\000\137\000s\000h\000a\0002\0005\0006\000.\000c\000p\000p}{chapter.2}% 75
\BOOKMARK [1][-]{section.2.17}{\376\377\0002\000.\0001\0007\000\040\004\044\004\060\004\071\004\073\000\040\000t\000e\000s\000t\000s\000/\000t\000e\000s\000t\000\137\000v\000e\000c\000t\000o\000r\000s\000.\000c\000p\000p}{chapter.2}% 76
\BOOKMARK [2][-]{subsection.2.17.1}{\376\377\0002\000.\0001\0007\000.\0001\000\040\004\037\004\076\004\064\004\100\004\076\004\061\004\075\004\076\004\065\000\040\004\076\004\077\004\070\004\101\004\060\004\075\004\070\004\065}{section.2.17}% 77
\BOOKMARK [2][-]{subsection.2.17.2}{\376\377\0002\000.\0001\0007\000.\0002\000\040\004\044\004\103\004\075\004\072\004\106\004\070\004\070}{section.2.17}% 78
\BOOKMARK [3][-]{subsubsection.2.17.2.1}{\376\377\0002\000.\0001\0007\000.\0002\000.\0001\000\040\000c\000a\000l\000c\000u\000l\000a\000t\000e\000S\000u\000m\000O\000f\000S\000q\000u\000a\000r\000e\000s\000\050\000\051}{subsection.2.17.2}% 79
\BOOKMARK [3][-]{subsubsection.2.17.2.2}{\376\377\0002\000.\0001\0007\000.\0002\000.\0002\000\040\000f\000l\000o\000a\000t\000T\000o\000L\000i\000t\000t\000l\000e\000E\000n\000d\000i\000a\000n\000\050\000\051}{subsection.2.17.2}% 80
\BOOKMARK [3][-]{subsubsection.2.17.2.3}{\376\377\0002\000.\0001\0007\000.\0002\000.\0003\000\040\000l\000i\000t\000t\000l\000e\000E\000n\000d\000i\000a\000n\000T\000o\000F\000l\000o\000a\000t\000\050\000\051}{subsection.2.17.2}% 81
\BOOKMARK [3][-]{subsubsection.2.17.2.4}{\376\377\0002\000.\0001\0007\000.\0002\000.\0004\000\040\000m\000a\000i\000n\000\050\000\051}{subsection.2.17.2}% 82
\BOOKMARK [3][-]{subsubsection.2.17.2.5}{\376\377\0002\000.\0001\0007\000.\0002\000.\0005\000\040\000S\000U\000I\000T\000E\000\050\000\051}{subsection.2.17.2}% 83
\BOOKMARK [1][-]{section.2.18}{\376\377\0002\000.\0001\0008\000\040\000t\000e\000s\000t\000\137\000v\000e\000c\000t\000o\000r\000s\000.\000c\000p\000p}{chapter.2}% 84
